<?xml version="1.0" encoding="UTF-8"?>
<!-- Generated by org.testng.reporters.JUnitReportReporter -->
<testsuite hostname="Vibhors-MacBook-Pro.local" name="com.emirates.com.AppTest" tests="1" failures="1" timestamp="5 Nov 2017 18:44:28 GMT" time="2.040" errors="0">
  <testcase name="test_app" time="2.040" classname="com.emirates.com.AppTest">
    <failure type="io.appium.java_client.NoSuchContextException" message="No such context found. (WARNING: The server did not provide any stacktrace information)
Command duration or timeout: 0 milliseconds
Build info: version: &#039;3.6.0&#039;, revision: &#039;6fbf3ec767&#039;, time: &#039;2017-09-27T15:28:36.4Z&#039;
System info: host: &#039;Vibhors-MacBook-Pro.local&#039;, ip: &#039;192.168.29.93&#039;, os.name: &#039;Mac OS X&#039;, os.arch: &#039;x86_64&#039;, os.version: &#039;10.12.6&#039;, java.version: &#039;1.8.0_141&#039;
Driver info: io.appium.java_client.AppiumDriver
Capabilities [{app=/Volumes/VibhorMacBookPro2/Documents/Eclipse_workspace/MobileAppAutomation/./build/selendroid-test-app-0.17.0.apk, appPackage=io.selendroid.testapp, networkConnectionEnabled=true, warnings={}, databaseEnabled=false, deviceName=emulator-5554, platform=LINUX, deviceUDID=emulator-5554, appActivity=io.selendroid.testapp.HomeScreenActivity, desired={app=/Volumes/VibhorMacBookPro2/Documents/Eclipse_workspace/MobileAppAutomation/./build/selendroid-test-app-0.17.0.apk, appPackage=io.selendroid.testapp, appActivity=io.selendroid.testapp.HomeScreenActivity, platformVersion=4.1.2, platformName=Android, deviceName=Android Emulator}, platformVersion=4.1.2, webStorageEnabled=false, locationContextEnabled=false, takesScreenshot=true, javascriptEnabled=true, deviceModel=Android SDK built for x86, deviceManufacturer=unknown, platformName=LINUX}]
Session ID: 4a353cdc-39f2-41cc-8bde-644a08cb0fc8">
      <![CDATA[io.appium.java_client.NoSuchContextException: No such context found. (WARNING: The server did not provide any stacktrace information)
Command duration or timeout: 0 milliseconds
Build info: version: '3.6.0', revision: '6fbf3ec767', time: '2017-09-27T15:28:36.4Z'
System info: host: 'Vibhors-MacBook-Pro.local', ip: '192.168.29.93', os.name: 'Mac OS X', os.arch: 'x86_64', os.version: '10.12.6', java.version: '1.8.0_141'
Driver info: io.appium.java_client.AppiumDriver
Capabilities [{app=/Volumes/VibhorMacBookPro2/Documents/Eclipse_workspace/MobileAppAutomation/./build/selendroid-test-app-0.17.0.apk, appPackage=io.selendroid.testapp, networkConnectionEnabled=true, warnings={}, databaseEnabled=false, deviceName=emulator-5554, platform=LINUX, deviceUDID=emulator-5554, appActivity=io.selendroid.testapp.HomeScreenActivity, desired={app=/Volumes/VibhorMacBookPro2/Documents/Eclipse_workspace/MobileAppAutomation/./build/selendroid-test-app-0.17.0.apk, appPackage=io.selendroid.testapp, appActivity=io.selendroid.testapp.HomeScreenActivity, platformVersion=4.1.2, platformName=Android, deviceName=Android Emulator}, platformVersion=4.1.2, webStorageEnabled=false, locationContextEnabled=false, takesScreenshot=true, javascriptEnabled=true, deviceModel=Android SDK built for x86, deviceManufacturer=unknown, platformName=LINUX}]
Session ID: 4a353cdc-39f2-41cc-8bde-644a08cb0fc8
	at io.appium.java_client.AppiumDriver.context(AppiumDriver.java:198)
	at com.emirates.com.AppTest.test_app(AppTest.java:57)
	at sun.reflect.NativeMethodAccessorImpl.invoke0(Native Method)
	at sun.reflect.NativeMethodAccessorImpl.invoke(NativeMethodAccessorImpl.java:62)
	at sun.reflect.DelegatingMethodAccessorImpl.invoke(DelegatingMethodAccessorImpl.java:43)
	at java.lang.reflect.Method.invoke(Method.java:498)
	at org.testng.internal.MethodInvocationHelper.invokeMethod(MethodInvocationHelper.java:80)
	at org.testng.internal.Invoker.invokeMethod(Invoker.java:714)
	at org.testng.internal.Invoker.invokeTestMethod(Invoker.java:901)
	at org.testng.internal.Invoker.invokeTestMethods(Invoker.java:1231)
	at org.testng.internal.TestMethodWorker.invokeTestMethods(TestMethodWorker.java:127)
	at org.testng.internal.TestMethodWorker.run(TestMethodWorker.java:111)
	at org.testng.TestRunner.privateRun(TestRunner.java:767)
	at org.testng.TestRunner.run(TestRunner.java:617)
	at org.testng.SuiteRunner.runTest(SuiteRunner.java:334)
	at org.testng.SuiteRunner.runSequentially(SuiteRunner.java:329)
	at org.testng.SuiteRunner.privateRun(SuiteRunner.java:291)
	at org.testng.SuiteRunner.run(SuiteRunner.java:240)
	at org.testng.SuiteRunnerWorker.runSuite(SuiteRunnerWorker.java:52)
	at org.testng.SuiteRunnerWorker.run(SuiteRunnerWorker.java:86)
	at org.testng.TestNG.runSuitesSequentially(TestNG.java:1198)
	at org.testng.TestNG.runSuitesLocally(TestNG.java:1123)
	at org.testng.TestNG.run(TestNG.java:1031)
	at org.testng.remote.AbstractRemoteTestNG.run(AbstractRemoteTestNG.java:114)
	at org.testng.remote.RemoteTestNG.initAndRun(RemoteTestNG.java:251)
	at org.testng.remote.RemoteTestNG.main(RemoteTestNG.java:77)
Caused by: org.openqa.selenium.WebDriverException: No such context found. (WARNING: The server did not provide any stacktrace information)
Command duration or timeout: 0 milliseconds
Build info: version: '3.6.0', revision: '6fbf3ec767', time: '2017-09-27T15:28:36.4Z'
System info: host: 'Vibhors-MacBook-Pro.local', ip: '192.168.29.93', os.name: 'Mac OS X', os.arch: 'x86_64', os.version: '10.12.6', java.version: '1.8.0_141'
Driver info: io.appium.java_client.AppiumDriver
Capabilities [{app=/Volumes/VibhorMacBookPro2/Documents/Eclipse_workspace/MobileAppAutomation/./build/selendroid-test-app-0.17.0.apk, appPackage=io.selendroid.testapp, networkConnectionEnabled=true, warnings={}, databaseEnabled=false, deviceName=emulator-5554, platform=LINUX, deviceUDID=emulator-5554, appActivity=io.selendroid.testapp.HomeScreenActivity, desired={app=/Volumes/VibhorMacBookPro2/Documents/Eclipse_workspace/MobileAppAutomation/./build/selendroid-test-app-0.17.0.apk, appPackage=io.selendroid.testapp, appActivity=io.selendroid.testapp.HomeScreenActivity, platformVersion=4.1.2, platformName=Android, deviceName=Android Emulator}, platformVersion=4.1.2, webStorageEnabled=false, locationContextEnabled=false, takesScreenshot=true, javascriptEnabled=true, deviceModel=Android SDK built for x86, deviceManufacturer=unknown, platformName=LINUX}]
Session ID: 4a353cdc-39f2-41cc-8bde-644a08cb0fc8
	at sun.reflect.NativeConstructorAccessorImpl.newInstance0(Native Method)
	at sun.reflect.NativeConstructorAccessorImpl.newInstance(NativeConstructorAccessorImpl.java:62)
	at sun.reflect.DelegatingConstructorAccessorImpl.newInstance(DelegatingConstructorAccessorImpl.java:45)
	at java.lang.reflect.Constructor.newInstance(Constructor.java:423)
	at org.openqa.selenium.remote.ErrorHandler.createThrowable(ErrorHandler.java:214)
	at org.openqa.selenium.remote.ErrorHandler.throwIfResponseFailed(ErrorHandler.java:166)
	at org.openqa.selenium.remote.http.JsonHttpResponseCodec.reconstructValue(JsonHttpResponseCodec.java:40)
	at org.openqa.selenium.remote.http.AbstractHttpResponseCodec.decode(AbstractHttpResponseCodec.java:82)
	at org.openqa.selenium.remote.http.AbstractHttpResponseCodec.decode(AbstractHttpResponseCodec.java:45)
	at org.openqa.selenium.remote.HttpCommandExecutor.execute(HttpCommandExecutor.java:164)
	at io.appium.java_client.remote.AppiumCommandExecutor.execute(AppiumCommandExecutor.java:89)
	at org.openqa.selenium.remote.RemoteWebDriver.execute(RemoteWebDriver.java:586)
	at io.appium.java_client.DefaultGenericMobileDriver.execute(DefaultGenericMobileDriver.java:42)
	at io.appium.java_client.AppiumDriver.execute(AppiumDriver.java:1)
	at io.appium.java_client.AppiumDriver.context(AppiumDriver.java:195)
	... 25 more
]]>
    </failure>
  </testcase> <!-- test_app -->
</testsuite> <!-- com.emirates.com.AppTest -->
